<?xml version="1.0" encoding="UTF-8"?>
<!-- Generated by org.testng.reporters.JUnitReportReporter -->
<testsuite skipped="0" hostname="MCGRODEK2" name="fileTest.NewTest" tests="1" failures="0" timestamp="10 Jul 2017 03:51:09 GMT" time="0.064" errors="0">
  <testcase name="f" time="0.064" classname="fileTest.NewTest"/>
</testsuite> <!-- fileTest.NewTest -->
