<?xml version="1.0" encoding="UTF-8"?>
<!-- Generated by org.testng.reporters.JUnitReportReporter -->
<testsuite skipped="0" hostname="MCGRODEK2" name="fileTest.TestNGTests" tests="1" failures="0" timestamp="16 Jul 2017 06:31:24 GMT" time="0.087" errors="0">
  <testcase name="writeTest" time="0.087" classname="fileTest.TestNGTests"/>
</testsuite> <!-- fileTest.TestNGTests -->
